  [1m[35m (1.0ms)[0m  [1m[35mCREATE TABLE "schema_migrations" ("version" varchar NOT NULL PRIMARY KEY)[0m
  [1m[35m (1.0ms)[0m  [1m[35mCREATE TABLE "ar_internal_metadata" ("key" varchar NOT NULL PRIMARY KEY, "value" varchar, "created_at" datetime NOT NULL, "updated_at" datetime NOT NULL)[0m
  [1m[36mActiveRecord::SchemaMigration Load (0.2ms)[0m  [1m[34mSELECT "schema_migrations".* FROM "schema_migrations"[0m
Migrating to CreateFilms (20170504204758)
  [1m[35m (0.1ms)[0m  [1m[36mbegin transaction[0m
  [1m[35m (0.5ms)[0m  [1m[35mCREATE TABLE "films" ("id" INTEGER PRIMARY KEY AUTOINCREMENT NOT NULL, "title" varchar, "created_at" datetime NOT NULL, "updated_at" datetime NOT NULL)[0m
  [1m[35mSQL (0.2ms)[0m  [1m[32mINSERT INTO "schema_migrations" ("version") VALUES (?)[0m  [["version", "20170504204758"]]
  [1m[35m (0.8ms)[0m  [1m[36mcommit transaction[0m
  [1m[36mActiveRecord::InternalMetadata Load (0.1ms)[0m  [1m[34mSELECT  "ar_internal_metadata".* FROM "ar_internal_metadata" WHERE "ar_internal_metadata"."key" = ? LIMIT ?[0m  [["key", :environment], ["LIMIT", 1]]
  [1m[35m (0.0ms)[0m  [1m[36mbegin transaction[0m
  [1m[35mSQL (0.2ms)[0m  [1m[32mINSERT INTO "ar_internal_metadata" ("key", "value", "created_at", "updated_at") VALUES (?, ?, ?, ?)[0m  [["key", "environment"], ["value", "development"], ["created_at", 2017-05-04 20:48:36 UTC], ["updated_at", 2017-05-04 20:48:36 UTC]]
  [1m[35m (0.6ms)[0m  [1m[36mcommit transaction[0m
  [1m[36mActiveRecord::SchemaMigration Load (0.1ms)[0m  [1m[34mSELECT "schema_migrations".* FROM "schema_migrations"[0m
  [1m[35m (0.1ms)[0m  [1m[36mbegin transaction[0m
  [1m[35mSQL (0.4ms)[0m  [1m[32mINSERT INTO "films" ("title", "created_at", "updated_at") VALUES (?, ?, ?)[0m  [["title", "A New Hope"], ["created_at", 2017-05-04 20:49:46 UTC], ["updated_at", 2017-05-04 20:49:46 UTC]]
  [1m[35m (0.7ms)[0m  [1m[36mcommit transaction[0m
Started GET "/films" for ::1 at 2017-05-04 16:51:33 -0400
  [1m[36mActiveRecord::SchemaMigration Load (0.1ms)[0m  [1m[34mSELECT "schema_migrations".* FROM "schema_migrations"[0m
Processing by FilmsController#index as HTML
  Rendering films/index.html.erb within layouts/application
  Rendered films/index.html.erb within layouts/application (1.2ms)
Completed 200 OK in 629ms (Views: 617.6ms | ActiveRecord: 0.0ms)


Started GET "/films" for ::1 at 2017-05-04 16:53:16 -0400
Processing by FilmsController#index as HTML
  Rendering films/index.html.erb within layouts/application
  [1m[36mFilm Load (0.2ms)[0m  [1m[34mSELECT "films".* FROM "films"[0m
  Rendered films/index.html.erb within layouts/application (4.3ms)
Completed 200 OK in 21ms (Views: 17.3ms | ActiveRecord: 0.6ms)


Started GET "/films" for ::1 at 2017-05-04 16:55:14 -0400
Processing by FilmsController#index as HTML
  Rendering films/index.html.erb within layouts/application
  [1m[36mFilm Load (0.2ms)[0m  [1m[34mSELECT "films".* FROM "films"[0m
  Rendered films/index.html.erb within layouts/application (6.3ms)
Completed 500 Internal Server Error in 12ms (ActiveRecord: 0.6ms)


  
ActionView::Template::Error (First argument in form cannot contain nil or be empty):
    2:   <h1><%= film.title %></h1>
    3: <% end %>
    4: 
    5: <%= form_for @film do |f| %>
    6:   <%= f.label :title %>
    7:   <%= f.text_field :title %>
    8: <% end %>
  
app/views/films/index.html.erb:5:in `_app_views_films_index_html_erb___1341729050836204128_70113756027980'
  Rendering /Users/devo/.rbenv/versions/2.3.3/lib/ruby/gems/2.3.0/gems/actionpack-5.0.2/lib/action_dispatch/middleware/templates/rescues/template_error.html.erb within rescues/layout
  Rendering /Users/devo/.rbenv/versions/2.3.3/lib/ruby/gems/2.3.0/gems/actionpack-5.0.2/lib/action_dispatch/middleware/templates/rescues/_source.html.erb
  Rendered /Users/devo/.rbenv/versions/2.3.3/lib/ruby/gems/2.3.0/gems/actionpack-5.0.2/lib/action_dispatch/middleware/templates/rescues/_source.html.erb (6.0ms)
  Rendering /Users/devo/.rbenv/versions/2.3.3/lib/ruby/gems/2.3.0/gems/actionpack-5.0.2/lib/action_dispatch/middleware/templates/rescues/_trace.html.erb
  Rendered /Users/devo/.rbenv/versions/2.3.3/lib/ruby/gems/2.3.0/gems/actionpack-5.0.2/lib/action_dispatch/middleware/templates/rescues/_trace.html.erb (1.9ms)
  Rendering /Users/devo/.rbenv/versions/2.3.3/lib/ruby/gems/2.3.0/gems/actionpack-5.0.2/lib/action_dispatch/middleware/templates/rescues/_request_and_response.html.erb
  Rendered /Users/devo/.rbenv/versions/2.3.3/lib/ruby/gems/2.3.0/gems/actionpack-5.0.2/lib/action_dispatch/middleware/templates/rescues/_request_and_response.html.erb (1.0ms)
  Rendered /Users/devo/.rbenv/versions/2.3.3/lib/ruby/gems/2.3.0/gems/actionpack-5.0.2/lib/action_dispatch/middleware/templates/rescues/template_error.html.erb within rescues/layout (73.8ms)
Started GET "/films" for ::1 at 2017-05-04 16:55:44 -0400
Processing by FilmsController#index as HTML
  Rendering films/index.html.erb within layouts/application
  [1m[36mFilm Load (0.1ms)[0m  [1m[34mSELECT "films".* FROM "films"[0m
  Rendered films/index.html.erb within layouts/application (16.5ms)
Completed 200 OK in 46ms (Views: 37.9ms | ActiveRecord: 0.8ms)


Started GET "/films" for ::1 at 2017-05-04 16:55:58 -0400
Processing by FilmsController#index as HTML
  Rendering films/index.html.erb within layouts/application
  [1m[36mFilm Load (0.1ms)[0m  [1m[34mSELECT "films".* FROM "films"[0m
  Rendered films/index.html.erb within layouts/application (2.6ms)
Completed 200 OK in 28ms (Views: 26.3ms | ActiveRecord: 0.1ms)


Started GET "/films" for ::1 at 2017-05-04 16:58:17 -0400
Processing by FilmsController#index as HTML
  Rendering films/index.html.erb within layouts/application
  [1m[36mFilm Load (0.1ms)[0m  [1m[34mSELECT "films".* FROM "films"[0m
  Rendered films/index.html.erb within layouts/application (2.4ms)
Completed 200 OK in 29ms (Views: 22.0ms | ActiveRecord: 0.6ms)


Started POST "/films" for ::1 at 2017-05-04 16:58:29 -0400
Processing by FilmsController#create as HTML
  Parameters: {"utf8"=>"✓", "authenticity_token"=>"nGBtRsXmvOPlzQXlWozY6dRJE/201sZ1Y4JKd3n4aEUPAAI0kKXtCVsOIQsMhiT0ywgSz3RT/EA1RM5Keo75PQ==", "film"=>{"title"=>"Empire Strikes Back"}, "commit"=>"Create Film"}
  [1m[35m (0.1ms)[0m  [1m[36mbegin transaction[0m
  [1m[35mSQL (0.4ms)[0m  [1m[32mINSERT INTO "films" ("title", "created_at", "updated_at") VALUES (?, ?, ?)[0m  [["title", "Empire Strikes Back"], ["created_at", 2017-05-04 20:58:29 UTC], ["updated_at", 2017-05-04 20:58:29 UTC]]
  [1m[35m (0.6ms)[0m  [1m[36mcommit transaction[0m
Completed 500 Internal Server Error in 114ms (ActiveRecord: 1.1ms)


  
NameError (undefined local variable or method `root_path' for #<FilmsController:0x007f8943290418>):
  
app/controllers/films_controller.rb:11:in `create'
  Rendering /Users/devo/.rbenv/versions/2.3.3/lib/ruby/gems/2.3.0/gems/actionpack-5.0.2/lib/action_dispatch/middleware/templates/rescues/diagnostics.html.erb within rescues/layout
  Rendering /Users/devo/.rbenv/versions/2.3.3/lib/ruby/gems/2.3.0/gems/actionpack-5.0.2/lib/action_dispatch/middleware/templates/rescues/_source.html.erb
  Rendered /Users/devo/.rbenv/versions/2.3.3/lib/ruby/gems/2.3.0/gems/actionpack-5.0.2/lib/action_dispatch/middleware/templates/rescues/_source.html.erb (2.1ms)
  Rendering /Users/devo/.rbenv/versions/2.3.3/lib/ruby/gems/2.3.0/gems/actionpack-5.0.2/lib/action_dispatch/middleware/templates/rescues/_trace.html.erb
  Rendered /Users/devo/.rbenv/versions/2.3.3/lib/ruby/gems/2.3.0/gems/actionpack-5.0.2/lib/action_dispatch/middleware/templates/rescues/_trace.html.erb (1.0ms)
  Rendering /Users/devo/.rbenv/versions/2.3.3/lib/ruby/gems/2.3.0/gems/actionpack-5.0.2/lib/action_dispatch/middleware/templates/rescues/_request_and_response.html.erb
  Rendered /Users/devo/.rbenv/versions/2.3.3/lib/ruby/gems/2.3.0/gems/actionpack-5.0.2/lib/action_dispatch/middleware/templates/rescues/_request_and_response.html.erb (0.9ms)
  Rendered /Users/devo/.rbenv/versions/2.3.3/lib/ruby/gems/2.3.0/gems/actionpack-5.0.2/lib/action_dispatch/middleware/templates/rescues/diagnostics.html.erb within rescues/layout (98.8ms)
Started GET "/films" for ::1 at 2017-05-04 16:59:13 -0400
Processing by FilmsController#index as HTML
  Rendering films/index.html.erb within layouts/application
  [1m[36mFilm Load (0.1ms)[0m  [1m[34mSELECT "films".* FROM "films"[0m
  Rendered films/index.html.erb within layouts/application (2.1ms)
Completed 200 OK in 19ms (Views: 13.6ms | ActiveRecord: 0.6ms)


Started GET "/films" for ::1 at 2017-05-04 17:17:32 -0400
Processing by FilmsController#index as HTML
  Rendering films/index.html.erb within layouts/application
  [1m[36mFilm Load (0.1ms)[0m  [1m[34mSELECT "films".* FROM "films"[0m
  Rendered films/index.html.erb within layouts/application (2.4ms)
Completed 200 OK in 63ms (Views: 56.8ms | ActiveRecord: 0.7ms)


Started GET "/films" for ::1 at 2017-05-04 17:17:34 -0400
Processing by FilmsController#index as HTML
  Rendering films/index.html.erb within layouts/application
  [1m[36mFilm Load (0.2ms)[0m  [1m[34mSELECT "films".* FROM "films"[0m
  Rendered films/index.html.erb within layouts/application (2.0ms)
Completed 200 OK in 19ms (Views: 16.9ms | ActiveRecord: 0.2ms)


Started POST "/films" for ::1 at 2017-05-04 17:17:44 -0400
Processing by FilmsController#create as JSON
  Parameters: {"utf8"=>"✓", "authenticity_token"=>"rmvu1pPw4gAt9CS19zbeUFvOZYYydaVpCm/RInzCsOg9C4GkxrOz6pM3AFuhPCJNRI9ktPLwn1xcqVUff7QhkA==", "film"=>{"title"=>"Return of the Jedi"}}
  [1m[35m (0.0ms)[0m  [1m[36mbegin transaction[0m
  [1m[35mSQL (0.3ms)[0m  [1m[32mINSERT INTO "films" ("title", "created_at", "updated_at") VALUES (?, ?, ?)[0m  [["title", "Return of the Jedi"], ["created_at", 2017-05-04 21:17:44 UTC], ["updated_at", 2017-05-04 21:17:44 UTC]]
  [1m[35m (1.2ms)[0m  [1m[36mcommit transaction[0m
Completed 200 OK in 4ms (Views: 0.4ms | ActiveRecord: 1.5ms)


